# JRE version: Java(TM) SE Runtime Environment (8.0_181-b13) (build 1.8.0_181-b13)
# Java VM: Java HotSpot(TM) 64-Bit Server VM (25.181-b13 mixed mode windows-amd64 compressed oops)
Heap:
 PSYoungGen      total 445952K, used 144644K [0x000000076b500000, 0x0000000787880000, 0x00000007c0000000)
  eden space 431104K, 30% used [0x000000076b500000,0x00000007736aaa38,0x0000000785a00000)
  from space 14848K, 79% used [0x0000000786900000,0x0000000787496870,0x0000000787780000)
  to   space 15360K, 0% used [0x0000000785a00000,0x0000000785a00000,0x0000000786900000)
 ParOldGen       total 102400K, used 16126K [0x00000006c1e00000, 0x00000006c8200000, 0x000000076b500000)
  object space 102400K, 15% used [0x00000006c1e00000,0x00000006c2dbfa70,0x00000006c8200000)
 Metaspace       used 44054K, capacity 45636K, committed 45952K, reserved 1089536K
  class space    used 5667K, capacity 5954K, committed 6016K, reserved 1048576K
GC Heap History (10 events):
Event: 12.202 GC heap before
{Heap before GC invocations=6 (full 1):
 PSYoungGen      total 141824K, used 131072K [0x000000076b500000, 0x0000000774a00000, 0x00000007c0000000)
  eden space 131072K, 100% used [0x000000076b500000,0x0000000773500000,0x0000000773500000)
  from space 10752K, 0% used [0x0000000773f80000,0x0000000773f80000,0x0000000774a00000)
  to   space 10752K, 0% used [0x0000000773500000,0x0000000773500000,0x0000000773f80000)
 ParOldGen       total 83456K, used 5313K [0x00000006c1e00000, 0x00000006c6f80000, 0x000000076b500000)
  object space 83456K, 6% used [0x00000006c1e00000,0x00000006c23307e8,0x00000006c6f80000)
 Metaspace       used 27711K, capacity 28478K, committed 28544K, reserved 1075200K
  class space    used 3509K, capacity 3695K, committed 3712K, reserved 1048576K
Event: 12.213 GC heap after
Heap after GC invocations=6 (full 1):
 PSYoungGen      total 141824K, used 9621K [0x000000076b500000, 0x000000077ac80000, 0x00000007c0000000)
  eden space 131072K, 0% used [0x000000076b500000,0x000000076b500000,0x0000000773500000)
  from space 10752K, 89% used [0x0000000773500000,0x0000000773e657f8,0x0000000773f80000)
  to   space 10752K, 0% used [0x000000077a200000,0x000000077a200000,0x000000077ac80000)
 ParOldGen       total 83456K, used 5385K [0x00000006c1e00000, 0x00000006c6f80000, 0x000000076b500000)
  object space 83456K, 6% used [0x00000006c1e00000,0x00000006c23427f8,0x00000006c6f80000)
 Metaspace       used 27711K, capacity 28478K, committed 28544K, reserved 1075200K
  class space    used 3509K, capacity 3695K, committed 3712K, reserved 1048576K
}
Event: 13.691 GC heap before
{Heap before GC invocations=7 (full 1):
 PSYoungGen      total 141824K, used 140693K [0x000000076b500000, 0x000000077ac80000, 0x00000007c0000000)
  eden space 131072K, 100% used [0x000000076b500000,0x0000000773500000,0x0000000773500000)
  from space 10752K, 89% used [0x0000000773500000,0x0000000773e657f8,0x0000000773f80000)
  to   space 10752K, 0% used [0x000000077a200000,0x000000077a200000,0x000000077ac80000)
 ParOldGen       total 83456K, used 5385K [0x00000006c1e00000, 0x00000006c6f80000, 0x000000076b500000)
  object space 83456K, 6% used [0x00000006c1e00000,0x00000006c23427f8,0x00000006c6f80000)
 Metaspace       used 33896K, capacity 35202K, committed 35328K, reserved 1079296K
  class space    used 4313K, capacity 4567K, committed 4608K, reserved 1048576K
Event: 13.709 GC heap after
Heap after GC invocations=7 (full 1):
 PSYoungGen      total 237568K, used 10742K [0x000000076b500000, 0x000000077ae80000, 0x00000007c0000000)
  eden space 226816K, 0% used [0x000000076b500000,0x000000076b500000,0x0000000779280000)
  from space 10752K, 99% used [0x000000077a200000,0x000000077ac7da20,0x000000077ac80000)
  to   space 14336K, 0% used [0x0000000779280000,0x0000000779280000,0x000000077a080000)
 ParOldGen       total 83456K, used 9239K [0x00000006c1e00000, 0x00000006c6f80000, 0x000000076b500000)
  object space 83456K, 11% used [0x00000006c1e00000,0x00000006c2705f58,0x00000006c6f80000)
 Metaspace       used 33896K, capacity 35202K, committed 35328K, reserved 1079296K
  class space    used 4313K, capacity 4567K, committed 4608K, reserved 1048576K
}
Event: 13.735 GC heap before
{Heap before GC invocations=8 (full 1):
 PSYoungGen      total 237568K, used 14251K [0x000000076b500000, 0x000000077ae80000, 0x00000007c0000000)
  eden space 226816K, 1% used [0x000000076b500000,0x000000076b86d350,0x0000000779280000)
  from space 10752K, 99% used [0x000000077a200000,0x000000077ac7da20,0x000000077ac80000)
  to   space 14336K, 0% used [0x0000000779280000,0x0000000779280000,0x000000077a080000)
 ParOldGen       total 83456K, used 9239K [0x00000006c1e00000, 0x00000006c6f80000, 0x000000076b500000)
  object space 83456K, 11% used [0x00000006c1e00000,0x00000006c2705f58,0x00000006c6f80000)
 Metaspace       used 34074K, capacity 35336K, committed 35416K, reserved 1081344K
  class space    used 4328K, capacity 4568K, committed 4608K, reserved 1048576K
Event: 13.752 GC heap after
Heap after GC invocations=8 (full 1):
 PSYoungGen      total 241152K, used 11065K [0x000000076b500000, 0x0000000787780000, 0x00000007c0000000)
  eden space 226816K, 0% used [0x000000076b500000,0x000000076b500000,0x0000000779280000)
  from space 14336K, 77% used [0x0000000779280000,0x0000000779d4e510,0x000000077a080000)
  to   space 14848K, 0% used [0x0000000786900000,0x0000000786900000,0x0000000787780000)
 ParOldGen       total 83456K, used 9247K [0x00000006c1e00000, 0x00000006c6f80000, 0x000000076b500000)
  object space 83456K, 11% used [0x00000006c1e00000,0x00000006c2707f58,0x00000006c6f80000)
 Metaspace       used 34074K, capacity 35336K, committed 35416K, reserved 1081344K
  class space    used 4328K, capacity 4568K, committed 4608K, reserved 1048576K
}
Event: 13.752 GC heap before
{Heap before GC invocations=9 (full 2):
 PSYoungGen      total 241152K, used 11065K [0x000000076b500000, 0x0000000787780000, 0x00000007c0000000)
  eden space 226816K, 0% used [0x000000076b500000,0x000000076b500000,0x0000000779280000)
  from space 14336K, 77% used [0x0000000779280000,0x0000000779d4e510,0x000000077a080000)
  to   space 14848K, 0% used [0x0000000786900000,0x0000000786900000,0x0000000787780000)
 ParOldGen       total 83456K, used 9247K [0x00000006c1e00000, 0x00000006c6f80000, 0x000000076b500000)
  object space 83456K, 11% used [0x00000006c1e00000,0x00000006c2707f58,0x00000006c6f80000)
 Metaspace       used 34074K, capacity 35336K, committed 35416K, reserved 1081344K
  class space    used 4328K, capacity 4568K, committed 4608K, reserved 1048576K
Event: 13.833 GC heap after
Heap after GC invocations=9 (full 2):
 PSYoungGen      total 241152K, used 0K [0x000000076b500000, 0x0000000787780000, 0x00000007c0000000)
  eden space 226816K, 0% used [0x000000076b500000,0x000000076b500000,0x0000000779280000)
  from space 14336K, 0% used [0x0000000779280000,0x0000000779280000,0x000000077a080000)
  to   space 14848K, 0% used [0x0000000786900000,0x0000000786900000,0x0000000787780000)
 ParOldGen       total 102400K, used 16118K [0x00000006c1e00000, 0x00000006c8200000, 0x000000076b500000)
  object space 102400K, 15% used [0x00000006c1e00000,0x00000006c2dbda70,0x00000006c8200000)
 Metaspace       used 34074K, capacity 35336K, committed 35416K, reserved 1081344K
  class space    used 4328K, capacity 4568K, committed 4608K, reserved 1048576K
}
Event: 60.190 GC heap before
{Heap before GC invocations=10 (full 2):
 PSYoungGen      total 241152K, used 226816K [0x000000076b500000, 0x0000000787780000, 0x00000007c0000000)
  eden space 226816K, 100% used [0x000000076b500000,0x0000000779280000,0x0000000779280000)
  from space 14336K, 0% used [0x0000000779280000,0x0000000779280000,0x000000077a080000)
  to   space 14848K, 0% used [0x0000000786900000,0x0000000786900000,0x0000000787780000)
 ParOldGen       total 102400K, used 16118K [0x00000006c1e00000, 0x00000006c8200000, 0x000000076b500000)
  object space 102400K, 15% used [0x00000006c1e00000,0x00000006c2dbda70,0x00000006c8200000)
 Metaspace       used 41856K, capacity 43286K, committed 43648K, reserved 1087488K
  class space    used 5363K, capacity 5639K, committed 5760K, reserved 1048576K
Event: 60.201 GC heap after
Heap after GC invocations=10 (full 2):
 PSYoungGen      total 445952K, used 11866K [0x000000076b500000, 0x0000000787880000, 0x00000007c0000000)
  eden space 431104K, 0% used [0x000000076b500000,0x000000076b500000,0x0000000785a00000)
  from space 14848K, 79% used [0x0000000786900000,0x0000000787496870,0x0000000787780000)
  to   space 15360K, 0% used [0x0000000785a00000,0x0000000785a00000,0x0000000786900000)
 ParOldGen       total 102400K, used 16126K [0x00000006c1e00000, 0x00000006c8200000, 0x000000076b500000)
  object space 102400K, 15% used [0x00000006c1e00000,0x00000006c2dbfa70,0x00000006c8200000)
 Metaspace       used 41856K, capacity 43286K, committed 43648K, reserved 1087488K
  class space    used 5363K, capacity 5639K, committed 5760K, reserved 1048576K
}

